08.01.2015 20:41:23.485,[1] SeLion-1.0.0-SNAPSHOT INFO Runtime Report : C:\WorkSpace\SE2E_Tests\test-output\RuntimeReporter\index.html
08.01.2015 20:41:23.770,[1] SeLion-1.0.0-SNAPSHOT INFO JDK Information: Java HotSpot(TM) 64-Bit Server VM from Oracle Corporation ver. 1.7.0_25
08.01.2015 20:41:23.787,[1] SeLion-1.0.0-SNAPSHOT FINE Parallel suite execution. Updating SeLion local config for Test, SampleTest
08.01.2015 20:41:24.044,[11] SeLion-1.0.0-SNAPSHOT FINE No parameters for browser dimensions were provided.
08.01.2015 20:41:24.049,[11] SeLion-1.0.0-SNAPSHOT SEVERE You are trying to run a local server but are missing Jars. Do you have SeLion-Grid and Selenium-Server in your CLASSPATH?
java.lang.NoClassDefFoundError: org/openqa/grid/common/exception/GridException
	at com.paypal.selion.platform.grid.LocalGridManager.setupToBootList(LocalGridManager.java:45)
	at com.paypal.selion.platform.grid.LocalGridManager.spawnLocalHub(LocalGridManager.java:73)
	at com.paypal.selion.platform.grid.SeleniumGridListener.beforeInvocation(SeleniumGridListener.java:115)
	at org.testng.internal.invokers.InvokedMethodListenerInvoker$InvokeBeforeInvocationWithoutContextStrategy.callMethod(InvokedMethodListenerInvoker.java:84)
	at org.testng.internal.invokers.InvokedMethodListenerInvoker.invokeListener(InvokedMethodListenerInvoker.java:62)
	at org.testng.internal.Invoker.runInvokedMethodListeners(Invoker.java:619)
	at org.testng.internal.Invoker.invokeMethod(Invoker.java:687)
	at org.testng.internal.Invoker.invokeTestMethod(Invoker.java:901)
	at org.testng.internal.Invoker.invokeTestMethods(Invoker.java:1231)
	at org.testng.internal.TestMethodWorker.invokeTestMethods(TestMethodWorker.java:127)
	at org.testng.internal.TestMethodWorker.run(TestMethodWorker.java:111)
	at java.util.concurrent.ThreadPoolExecutor.runWorker(Unknown Source)
	at java.util.concurrent.ThreadPoolExecutor$Worker.run(Unknown Source)
	at java.lang.Thread.run(Unknown Source)
Caused by: java.lang.ClassNotFoundException: org.openqa.grid.common.exception.GridException
	at java.net.URLClassLoader$1.run(Unknown Source)
	at java.net.URLClassLoader$1.run(Unknown Source)
	at java.security.AccessController.doPrivileged(Native Method)
	at java.net.URLClassLoader.findClass(Unknown Source)
	at java.lang.ClassLoader.loadClass(Unknown Source)
	at sun.misc.Launcher$AppClassLoader.loadClass(Unknown Source)
	at java.lang.ClassLoader.loadClass(Unknown Source)
	... 14 more
08.02.2015 11:56:04.561,[1] SeLion-1.0.0-SNAPSHOT INFO Runtime Report : C:\WorkSpace\SE2E_Tests\test-output\RuntimeReporter\index.html
08.02.2015 11:56:05.269,[1] SeLion-1.0.0-SNAPSHOT INFO JDK Information: Java HotSpot(TM) 64-Bit Server VM from Oracle Corporation ver. 1.7.0_25
08.02.2015 11:56:06.076,[1] SeLion-1.0.0-SNAPSHOT WARNING An error occurred while processing afterInvocation: null
java.lang.NullPointerException
	at com.paypal.selion.platform.grid.AbstractTestSession.closeSession(AbstractTestSession.java:236)
	at com.paypal.selion.platform.grid.SeleniumGridListener.afterInvocation(SeleniumGridListener.java:217)
	at org.testng.internal.invokers.InvokedMethodListenerInvoker$InvokeAfterInvocationWithoutContextStrategy.callMethod(InvokedMethodListenerInvoker.java:100)
	at org.testng.internal.invokers.InvokedMethodListenerInvoker.invokeListener(InvokedMethodListenerInvoker.java:62)
	at org.testng.internal.Invoker.runInvokedMethodListeners(Invoker.java:619)
	at org.testng.internal.Invoker.invokeMethod(Invoker.java:777)
	at org.testng.internal.Invoker.invokeTestMethod(Invoker.java:901)
	at org.testng.internal.Invoker.invokeTestMethods(Invoker.java:1231)
	at org.testng.internal.TestMethodWorker.invokeTestMethods(TestMethodWorker.java:127)
	at org.testng.internal.TestMethodWorker.run(TestMethodWorker.java:111)
	at org.testng.TestRunner.privateRun(TestRunner.java:767)
	at org.testng.TestRunner.run(TestRunner.java:617)
	at org.testng.SuiteRunner.runTest(SuiteRunner.java:334)
	at org.testng.SuiteRunner.runSequentially(SuiteRunner.java:329)
	at org.testng.SuiteRunner.privateRun(SuiteRunner.java:291)
	at org.testng.SuiteRunner.run(SuiteRunner.java:240)
	at org.testng.SuiteRunnerWorker.runSuite(SuiteRunnerWorker.java:52)
	at org.testng.SuiteRunnerWorker.run(SuiteRunnerWorker.java:86)
	at org.testng.TestNG.runSuitesSequentially(TestNG.java:1224)
	at org.testng.TestNG.runSuitesLocally(TestNG.java:1149)
	at org.testng.TestNG.run(TestNG.java:1057)
	at org.testng.remote.RemoteTestNG.run(RemoteTestNG.java:111)
	at org.testng.remote.RemoteTestNG.initAndRun(RemoteTestNG.java:204)
	at org.testng.remote.RemoteTestNG.main(RemoteTestNG.java:175)
08.02.2015 11:57:09.163,[1] SeLion-1.0.0-SNAPSHOT INFO Runtime Report : C:\WorkSpace\SE2E_Tests\test-output\RuntimeReporter\index.html
08.02.2015 11:57:09.382,[1] SeLion-1.0.0-SNAPSHOT INFO JDK Information: Java HotSpot(TM) 64-Bit Server VM from Oracle Corporation ver. 1.7.0_25
08.02.2015 11:57:09.589,[1] SeLion-1.0.0-SNAPSHOT WARNING An error occurred while processing afterInvocation: null
java.lang.NullPointerException
	at com.paypal.selion.platform.grid.AbstractTestSession.closeSession(AbstractTestSession.java:236)
	at com.paypal.selion.platform.grid.SeleniumGridListener.afterInvocation(SeleniumGridListener.java:217)
	at org.testng.internal.invokers.InvokedMethodListenerInvoker$InvokeAfterInvocationWithoutContextStrategy.callMethod(InvokedMethodListenerInvoker.java:100)
	at org.testng.internal.invokers.InvokedMethodListenerInvoker.invokeListener(InvokedMethodListenerInvoker.java:62)
	at org.testng.internal.Invoker.runInvokedMethodListeners(Invoker.java:619)
	at org.testng.internal.Invoker.invokeMethod(Invoker.java:777)
	at org.testng.internal.Invoker.invokeTestMethod(Invoker.java:901)
	at org.testng.internal.Invoker.invokeTestMethods(Invoker.java:1231)
	at org.testng.internal.TestMethodWorker.invokeTestMethods(TestMethodWorker.java:127)
	at org.testng.internal.TestMethodWorker.run(TestMethodWorker.java:111)
	at org.testng.TestRunner.privateRun(TestRunner.java:767)
	at org.testng.TestRunner.run(TestRunner.java:617)
	at org.testng.SuiteRunner.runTest(SuiteRunner.java:334)
	at org.testng.SuiteRunner.runSequentially(SuiteRunner.java:329)
	at org.testng.SuiteRunner.privateRun(SuiteRunner.java:291)
	at org.testng.SuiteRunner.run(SuiteRunner.java:240)
	at org.testng.SuiteRunnerWorker.runSuite(SuiteRunnerWorker.java:52)
	at org.testng.SuiteRunnerWorker.run(SuiteRunnerWorker.java:86)
	at org.testng.TestNG.runSuitesSequentially(TestNG.java:1224)
	at org.testng.TestNG.runSuitesLocally(TestNG.java:1149)
	at org.testng.TestNG.run(TestNG.java:1057)
	at org.testng.remote.RemoteTestNG.run(RemoteTestNG.java:111)
	at org.testng.remote.RemoteTestNG.initAndRun(RemoteTestNG.java:204)
	at org.testng.remote.RemoteTestNG.main(RemoteTestNG.java:175)
08.02.2015 11:58:09.845,[1] SeLion-1.0.0-SNAPSHOT INFO Runtime Report : C:\WorkSpace\SE2E_Tests\test-output\RuntimeReporter\index.html
08.02.2015 11:58:10.605,[1] SeLion-1.0.0-SNAPSHOT INFO JDK Information: Java HotSpot(TM) 64-Bit Server VM from Oracle Corporation ver. 1.7.0_25
08.02.2015 11:58:11.417,[1] SeLion-1.0.0-SNAPSHOT WARNING An error occurred while processing afterInvocation: null
java.lang.NullPointerException
	at com.paypal.selion.platform.grid.AbstractTestSession.closeSession(AbstractTestSession.java:236)
	at com.paypal.selion.platform.grid.SeleniumGridListener.afterInvocation(SeleniumGridListener.java:217)
	at org.testng.internal.invokers.InvokedMethodListenerInvoker$InvokeAfterInvocationWithoutContextStrategy.callMethod(InvokedMethodListenerInvoker.java:100)
	at org.testng.internal.invokers.InvokedMethodListenerInvoker.invokeListener(InvokedMethodListenerInvoker.java:62)
	at org.testng.internal.Invoker.runInvokedMethodListeners(Invoker.java:619)
	at org.testng.internal.Invoker.invokeMethod(Invoker.java:777)
	at org.testng.internal.Invoker.invokeTestMethod(Invoker.java:901)
	at org.testng.internal.Invoker.invokeTestMethods(Invoker.java:1231)
	at org.testng.internal.TestMethodWorker.invokeTestMethods(TestMethodWorker.java:127)
	at org.testng.internal.TestMethodWorker.run(TestMethodWorker.java:111)
	at org.testng.TestRunner.privateRun(TestRunner.java:767)
	at org.testng.TestRunner.run(TestRunner.java:617)
	at org.testng.SuiteRunner.runTest(SuiteRunner.java:334)
	at org.testng.SuiteRunner.runSequentially(SuiteRunner.java:329)
	at org.testng.SuiteRunner.privateRun(SuiteRunner.java:291)
	at org.testng.SuiteRunner.run(SuiteRunner.java:240)
	at org.testng.SuiteRunnerWorker.runSuite(SuiteRunnerWorker.java:52)
	at org.testng.SuiteRunnerWorker.run(SuiteRunnerWorker.java:86)
	at org.testng.TestNG.runSuitesSequentially(TestNG.java:1224)
	at org.testng.TestNG.runSuitesLocally(TestNG.java:1149)
	at org.testng.TestNG.run(TestNG.java:1057)
	at org.testng.remote.RemoteTestNG.run(RemoteTestNG.java:111)
	at org.testng.remote.RemoteTestNG.initAndRun(RemoteTestNG.java:204)
	at org.testng.remote.RemoteTestNG.main(RemoteTestNG.java:175)
08.02.2015 11:59:03.461,[1] SeLion-1.0.0-SNAPSHOT INFO Runtime Report : C:\WorkSpace\SE2E_Tests\test-output\RuntimeReporter\index.html
08.02.2015 11:59:04.211,[1] SeLion-1.0.0-SNAPSHOT INFO JDK Information: Java HotSpot(TM) 64-Bit Server VM from Oracle Corporation ver. 1.7.0_25
08.02.2015 11:59:04.963,[1] SeLion-1.0.0-SNAPSHOT WARNING An error occurred while processing afterInvocation: null
java.lang.NullPointerException
	at com.paypal.selion.platform.grid.AbstractTestSession.closeSession(AbstractTestSession.java:236)
	at com.paypal.selion.platform.grid.SeleniumGridListener.afterInvocation(SeleniumGridListener.java:217)
	at org.testng.internal.invokers.InvokedMethodListenerInvoker$InvokeAfterInvocationWithoutContextStrategy.callMethod(InvokedMethodListenerInvoker.java:100)
	at org.testng.internal.invokers.InvokedMethodListenerInvoker.invokeListener(InvokedMethodListenerInvoker.java:62)
	at org.testng.internal.Invoker.runInvokedMethodListeners(Invoker.java:619)
	at org.testng.internal.Invoker.invokeMethod(Invoker.java:777)
	at org.testng.internal.Invoker.invokeTestMethod(Invoker.java:901)
	at org.testng.internal.Invoker.invokeTestMethods(Invoker.java:1231)
	at org.testng.internal.TestMethodWorker.invokeTestMethods(TestMethodWorker.java:127)
	at org.testng.internal.TestMethodWorker.run(TestMethodWorker.java:111)
	at org.testng.TestRunner.privateRun(TestRunner.java:767)
	at org.testng.TestRunner.run(TestRunner.java:617)
	at org.testng.SuiteRunner.runTest(SuiteRunner.java:334)
	at org.testng.SuiteRunner.runSequentially(SuiteRunner.java:329)
	at org.testng.SuiteRunner.privateRun(SuiteRunner.java:291)
	at org.testng.SuiteRunner.run(SuiteRunner.java:240)
	at org.testng.SuiteRunnerWorker.runSuite(SuiteRunnerWorker.java:52)
	at org.testng.SuiteRunnerWorker.run(SuiteRunnerWorker.java:86)
	at org.testng.TestNG.runSuitesSequentially(TestNG.java:1224)
	at org.testng.TestNG.runSuitesLocally(TestNG.java:1149)
	at org.testng.TestNG.run(TestNG.java:1057)
	at org.testng.remote.RemoteTestNG.run(RemoteTestNG.java:111)
	at org.testng.remote.RemoteTestNG.initAndRun(RemoteTestNG.java:204)
	at org.testng.remote.RemoteTestNG.main(RemoteTestNG.java:175)
08.02.2015 12:01:19.481,[1] SeLion-1.0.0-SNAPSHOT INFO Runtime Report : C:\WorkSpace\SE2E_Tests\test-output\RuntimeReporter\index.html
08.02.2015 12:01:20.256,[1] SeLion-1.0.0-SNAPSHOT INFO JDK Information: Java HotSpot(TM) 64-Bit Server VM from Oracle Corporation ver. 1.7.0_25
08.02.2015 12:01:21.089,[1] SeLion-1.0.0-SNAPSHOT WARNING An error occurred while processing afterInvocation: null
java.lang.NullPointerException
	at com.paypal.selion.platform.grid.AbstractTestSession.closeSession(AbstractTestSession.java:236)
	at com.paypal.selion.platform.grid.SeleniumGridListener.afterInvocation(SeleniumGridListener.java:217)
	at org.testng.internal.invokers.InvokedMethodListenerInvoker$InvokeAfterInvocationWithoutContextStrategy.callMethod(InvokedMethodListenerInvoker.java:100)
	at org.testng.internal.invokers.InvokedMethodListenerInvoker.invokeListener(InvokedMethodListenerInvoker.java:62)
	at org.testng.internal.Invoker.runInvokedMethodListeners(Invoker.java:619)
	at org.testng.internal.Invoker.invokeMethod(Invoker.java:777)
	at org.testng.internal.Invoker.invokeTestMethod(Invoker.java:901)
	at org.testng.internal.Invoker.invokeTestMethods(Invoker.java:1231)
	at org.testng.internal.TestMethodWorker.invokeTestMethods(TestMethodWorker.java:127)
	at org.testng.internal.TestMethodWorker.run(TestMethodWorker.java:111)
	at org.testng.TestRunner.privateRun(TestRunner.java:767)
	at org.testng.TestRunner.run(TestRunner.java:617)
	at org.testng.SuiteRunner.runTest(SuiteRunner.java:334)
	at org.testng.SuiteRunner.runSequentially(SuiteRunner.java:329)
	at org.testng.SuiteRunner.privateRun(SuiteRunner.java:291)
	at org.testng.SuiteRunner.run(SuiteRunner.java:240)
	at org.testng.SuiteRunnerWorker.runSuite(SuiteRunnerWorker.java:52)
	at org.testng.SuiteRunnerWorker.run(SuiteRunnerWorker.java:86)
	at org.testng.TestNG.runSuitesSequentially(TestNG.java:1224)
	at org.testng.TestNG.runSuitesLocally(TestNG.java:1149)
	at org.testng.TestNG.run(TestNG.java:1057)
	at org.testng.remote.RemoteTestNG.run(RemoteTestNG.java:111)
	at org.testng.remote.RemoteTestNG.initAndRun(RemoteTestNG.java:204)
	at org.testng.remote.RemoteTestNG.main(RemoteTestNG.java:175)
08.02.2015 14:33:36.670,[1] SeLion-1.0.0-SNAPSHOT INFO Runtime Report : C:\WorkSpace\SE2E_Tests\test-output\RuntimeReporter\index.html
08.02.2015 14:33:37.054,[1] SeLion-1.0.0-SNAPSHOT INFO JDK Information: Java HotSpot(TM) 64-Bit Server VM from Oracle Corporation ver. 1.7.0_25
08.02.2015 14:33:37.071,[1] SeLion-1.0.0-SNAPSHOT FINE Parallel suite execution. Updating SeLion local config for Test, SampleTest
08.02.2015 14:33:37.353,[11] SeLion-1.0.0-SNAPSHOT FINE No parameters for browser dimensions were provided.
08.02.2015 14:33:37.360,[11] SeLion-1.0.0-SNAPSHOT SEVERE You are trying to run a local server but are missing Jars. Do you have SeLion-Grid and Selenium-Server in your CLASSPATH?
java.lang.NoClassDefFoundError: org/openqa/grid/common/exception/GridException
	at com.paypal.selion.platform.grid.LocalGridManager.setupToBootList(LocalGridManager.java:45)
	at com.paypal.selion.platform.grid.LocalGridManager.spawnLocalHub(LocalGridManager.java:73)
	at com.paypal.selion.platform.grid.SeleniumGridListener.beforeInvocation(SeleniumGridListener.java:115)
	at org.testng.internal.invokers.InvokedMethodListenerInvoker$InvokeBeforeInvocationWithoutContextStrategy.callMethod(InvokedMethodListenerInvoker.java:84)
	at org.testng.internal.invokers.InvokedMethodListenerInvoker.invokeListener(InvokedMethodListenerInvoker.java:62)
	at org.testng.internal.Invoker.runInvokedMethodListeners(Invoker.java:619)
	at org.testng.internal.Invoker.invokeMethod(Invoker.java:687)
	at org.testng.internal.Invoker.invokeTestMethod(Invoker.java:901)
	at org.testng.internal.Invoker.invokeTestMethods(Invoker.java:1231)
	at org.testng.internal.TestMethodWorker.invokeTestMethods(TestMethodWorker.java:127)
	at org.testng.internal.TestMethodWorker.run(TestMethodWorker.java:111)
	at java.util.concurrent.ThreadPoolExecutor.runWorker(Unknown Source)
	at java.util.concurrent.ThreadPoolExecutor$Worker.run(Unknown Source)
	at java.lang.Thread.run(Unknown Source)
Caused by: java.lang.ClassNotFoundException: org.openqa.grid.common.exception.GridException
	at java.net.URLClassLoader$1.run(Unknown Source)
	at java.net.URLClassLoader$1.run(Unknown Source)
	at java.security.AccessController.doPrivileged(Native Method)
	at java.net.URLClassLoader.findClass(Unknown Source)
	at java.lang.ClassLoader.loadClass(Unknown Source)
	at sun.misc.Launcher$AppClassLoader.loadClass(Unknown Source)
	at java.lang.ClassLoader.loadClass(Unknown Source)
	... 14 more
